[01:36:24] [ServerMain/INFO]: Environment: Environment[sessionHost=https://sessionserver.mojang.com, servicesHost=https://api.minecraftservices.com, name=PROD]
[01:36:26] [ServerMain/INFO]: No existing world data, creating new world
[01:36:27] [ServerMain/INFO]: Loaded 1407 recipes
[01:36:27] [ServerMain/INFO]: Loaded 1520 advancements
[01:36:28] [Server thread/INFO]: Starting minecraft server version 1.21.8
[01:36:28] [Server thread/INFO]: Loading properties
[01:36:28] [Server thread/INFO]: Default game type: SURVIVAL
[01:36:28] [Server thread/INFO]: Generating keypair
[01:36:28] [Server thread/INFO]: Starting Minecraft server on *:25565
[01:36:28] [Server thread/INFO]: Using epoll channel type
[01:36:28] [Server thread/WARN]: **** SERVER IS RUNNING IN OFFLINE/INSECURE MODE!
[01:36:28] [Server thread/WARN]: The server will make no attempt to authenticate usernames. Beware.
[01:36:28] [Server thread/WARN]: While this makes the game possible to play without internet access, it also opens up the ability for hackers to connect with any username they choose.
[01:36:28] [Server thread/WARN]: To change this, set "online-mode" to "true" in the server.properties file.
[01:36:28] [Server thread/INFO]: Preparing level "world"
[01:36:44] [Server thread/INFO]: Preparing start region for dimension minecraft:overworld
[01:36:44] [Worker-Main-1/INFO]: Preparing spawn area: 2%
[01:36:45] [Worker-Main-1/INFO]: Preparing spawn area: 2%
[01:36:45] [Worker-Main-1/INFO]: Preparing spawn area: 2%
[01:36:46] [Worker-Main-1/INFO]: Preparing spawn area: 2%
[01:36:46] [Worker-Main-1/INFO]: Preparing spawn area: 2%
[01:36:47] [Worker-Main-1/INFO]: Preparing spawn area: 2%
[01:36:47] [Worker-Main-1/INFO]: Preparing spawn area: 2%
[01:36:48] [Worker-Main-1/INFO]: Preparing spawn area: 2%
[01:36:51] [Worker-Main-1/INFO]: Preparing spawn area: 2%
[01:36:51] [Worker-Main-1/INFO]: Preparing spawn area: 2%
[01:36:51] [Worker-Main-1/INFO]: Preparing spawn area: 2%
[01:36:51] [Worker-Main-1/INFO]: Preparing spawn area: 2%
[01:36:51] [Worker-Main-1/INFO]: Preparing spawn area: 2%
[01:36:51] [Worker-Main-1/INFO]: Preparing spawn area: 2%
[01:36:51] [Worker-Main-1/INFO]: Preparing spawn area: 2%
[01:36:52] [Worker-Main-1/INFO]: Preparing spawn area: 2%
[01:36:52] [Worker-Main-1/INFO]: Preparing spawn area: 2%
[01:36:53] [Worker-Main-1/INFO]: Preparing spawn area: 2%
[01:36:53] [Worker-Main-1/INFO]: Preparing spawn area: 2%
[01:36:54] [Worker-Main-1/INFO]: Preparing spawn area: 2%
[01:36:54] [Worker-Main-1/INFO]: Preparing spawn area: 2%
[01:36:55] [Worker-Main-1/INFO]: Preparing spawn area: 2%
[01:36:56] [Worker-Main-1/INFO]: Preparing spawn area: 2%
[01:36:56] [Worker-Main-1/INFO]: Preparing spawn area: 2%
[01:36:56] [Worker-Main-1/INFO]: Preparing spawn area: 2%
[01:36:57] [Worker-Main-1/INFO]: Preparing spawn area: 2%
[01:36:57] [Worker-Main-1/INFO]: Preparing spawn area: 2%
[01:36:58] [Worker-Main-1/INFO]: Preparing spawn area: 6%
[01:36:58] [Server thread/INFO]: Time elapsed: 13652 ms
[01:36:58] [Server thread/INFO]: Done (29.834s)! For help, type "help"
[01:36:58] [Server thread/INFO]: Unknown or incomplete command, see below for error
[01:36:58] [Server thread/INFO]: home/codespace/.python/current/bin/python /workspaces/6709/msx.py<--[HERE]
[01:37:58] [Server thread/INFO]: Server empty for 60 seconds, pausing
[01:39:51] [Server thread/INFO]: Leaa[/127.160.224.176:50109] logged in with entity id 2 at (54.5, 73.0, -1.5)
[01:39:51] [Server thread/INFO]: Leaa joined the game
[01:40:14] [Server thread/INFO]: Leaa lost connection: Disconnected
[01:40:14] [Server thread/INFO]: Leaa left the game
[01:40:32] [Server thread/INFO]: Made Lea a server operator
[01:41:14] [Server thread/INFO]: Server empty for 60 seconds, pausing
[01:41:24] [Server thread/INFO]: Lea[/127.160.224.176:33267] logged in with entity id 201 at (65.5, 70.0, -4.5)
[01:41:24] [Server thread/INFO]: Lea joined the game
[01:41:30] [Server thread/INFO]: Made Lea a server operator
[01:43:13] [Server thread/INFO]: Lea has made the advancement [Stone Age]
[01:43:34] [Server thread/INFO]: Lea has made the advancement [Getting an Upgrade]
